2024-07-03 15:30:37 info: Board created successfully
2024-07-03 15:40:09 info: Board created successfully
2024-07-03 15:45:37 info: Board created successfully
2024-07-03 15:49:01 info: Board created successfully
2024-07-03 15:50:08 info: Board created successfully
2024-07-03 15:50:46 info: Board created successfully
2024-07-03 15:52:10 info: Board created successfully
2024-07-03 16:12:56 info: Board created successfully
2024-07-03 16:24:18 info: All Organization feched successfully!
2024-07-03 16:24:34 info: Organization feched successfully!
2024-07-03 16:24:41 info: Organization deleted successfully!
2024-07-03 16:26:06 info: All Boards fetched successfully
2024-07-03 16:29:15 info: All Boards fetched successfully
2024-07-03 16:29:57 info: All Boards fetched successfully
2024-07-03 16:31:30 info: Board updated successfully
2024-07-03 16:31:57 info: Board deleted successfully
2024-07-03 16:32:00 info: Board deleted successfully
2024-07-03 16:33:34 info: Board deleted successfully
2024-07-03 16:33:36 info: Board deleted successfully
2024-07-03 16:34:09 info: Board deleted successfully
2024-07-03 16:36:14 info: Board created successfully
2024-07-03 16:40:15 info: Board created successfully
2024-07-03 16:41:50 info: Board created successfully
2024-07-03 16:42:17 info: Board created successfully
2024-07-03 16:44:03 info: Board updated successfully
2024-07-03 17:18:46 info: Task created successfully
2024-07-03 17:24:16 info: Task created successfully
2024-07-03 17:29:29 info: Task created successfully
2024-07-03 17:31:22 info: All Tasks fetched successfully
2024-07-03 17:32:09 info: All Tasks fetched successfully
2024-07-03 17:34:31 info: Task found
2024-07-03 17:42:36 info: Task updated successfully
2024-07-03 17:43:01 info: Task updated successfully
2024-07-03 17:44:37 error: Task not found
2024-07-03 19:47:23 error: Route not found
2024-07-03 19:47:23 info: HTTP Access Log
2024-07-03 19:49:52 error: Route not found
2024-07-03 19:49:52 info: HTTP Access Log
2024-07-03 19:51:35 info: Welcome to Tasky!
2024-07-03 19:51:35 info: HTTP Access Log
2024-07-03 19:51:50 info: Welcome to Tasky!
2024-07-03 19:51:50 info: HTTP Access Log
2024-07-03 19:51:50 error: Route not found
2024-07-03 19:51:50 info: HTTP Access Log
2024-07-03 19:53:35 error: Route not found
2024-07-03 19:53:35 info: HTTP Access Log
2024-07-03 19:54:11 error: Route not found
2024-07-03 19:54:11 info: HTTP Access Log
2024-07-03 19:55:04 info: All Tasks fetched successfully
2024-07-03 19:55:04 info: HTTP Access Log
2024-07-03 19:55:08 info: All Organization feched successfully!
2024-07-03 19:55:08 info: HTTP Access Log
2024-07-03 19:56:09 info: Task found
2024-07-03 19:56:09 info: HTTP Access Log
2024-07-03 19:56:31 error: Route not found
2024-07-03 19:56:31 info: HTTP Access Log
2024-07-03 19:57:46 error: Route not found
2024-07-03 19:57:46 info: HTTP Access Log
2024-07-03 19:57:57 error: Route not found
2024-07-03 19:57:57 info: HTTP Access Log
2024-07-03 19:58:00 error: Route not found
2024-07-03 19:58:00 info: HTTP Access Log
2024-07-03 20:04:42 error: Route not found
2024-07-03 20:06:47 info: Task found
2024-07-03 20:06:47 info: HTTP Access Log
2024-07-03 20:06:58 info: Task found
2024-07-03 20:06:58 info: HTTP Access Log
2024-07-03 20:06:58 info: Task found
2024-07-03 20:06:58 info: HTTP Access Log
2024-07-03 20:06:59 info: HTTP Access Log
2024-07-03 20:07:06 info: HTTP Access Log
2024-07-03 20:07:07 info: HTTP Access Log
2024-07-03 20:07:08 info: HTTP Access Log
2024-07-03 20:07:08 info: HTTP Access Log
2024-07-03 20:07:08 info: HTTP Access Log
2024-07-03 20:09:07 info: Task found
2024-07-03 20:09:07 info: HTTP Access Log
2024-07-03 20:11:42 info: All Tasks fetched successfully
2024-07-03 20:11:42 info: HTTP Access Log
2024-07-04 01:48:21 info: HTTP Access Log
2024-07-04 01:50:49 info: HTTP Access Log
2024-07-04 01:51:13 info: Invitation created successfully
2024-07-04 01:51:13 info: HTTP Access Log
2024-07-04 01:52:57 info: Invitation created successfully
2024-07-04 01:52:57 info: HTTP Access Log
2024-07-04 01:54:53 info: Invitation created successfully
2024-07-04 01:54:53 info: HTTP Access Log
2024-07-04 01:55:07 info: Invitation created successfully
2024-07-04 01:55:07 info: HTTP Access Log
2024-07-04 01:58:35 info: Invitation created successfully
2024-07-04 01:58:35 info: HTTP Access Log
2024-07-04 02:01:51 info: Invitation created successfully
2024-07-04 02:01:51 info: HTTP Access Log
2024-07-04 02:18:16 info: HTTP Access Log
2024-07-04 02:19:25 info: HTTP Access Log
2024-07-04 02:28:09 info: HTTP Access Log
2024-07-04 02:29:51 info: HTTP Access Log
2024-07-04 02:31:24 info: HTTP Access Log
2024-07-04 02:33:31 info: HTTP Access Log
2024-07-04 02:35:48 info: HTTP Access Log
2024-07-04 02:35:58 info: HTTP Access Log
2024-07-04 02:40:54 info: HTTP Access Log
2024-07-04 02:41:32 info: HTTP Access Log
2024-07-04 02:43:01 info: HTTP Access Log
2024-07-04 02:45:43 info: HTTP Access Log
2024-07-04 02:46:22 info: HTTP Access Log
2024-07-04 02:47:18 info: HTTP Access Log
2024-07-04 02:48:08 info: HTTP Access Log
2024-07-04 02:48:10 info: HTTP Access Log
2024-07-04 02:48:23 info: HTTP Access Log
2024-07-04 02:49:02 info: HTTP Access Log
2024-07-04 02:50:09 info: HTTP Access Log
2024-07-04 02:50:23 info: HTTP Access Log
2024-07-04 02:50:29 info: HTTP Access Log
2024-07-04 02:51:29 info: HTTP Access Log
2024-07-04 02:51:35 info: HTTP Access Log
2024-07-04 02:51:41 info: HTTP Access Log
2024-07-04 02:51:48 info: HTTP Access Log
2024-07-04 02:54:29 info: HTTP Access Log
2024-07-04 02:55:02 info: HTTP Access Log
2024-07-04 02:55:14 info: HTTP Access Log
2024-07-04 02:55:24 info: HTTP Access Log
2024-07-04 02:55:35 info: HTTP Access Log
2024-07-04 02:55:40 info: HTTP Access Log
2024-07-04 02:57:15 info: HTTP Access Log
2024-07-04 02:57:24 info: HTTP Access Log
2024-07-04 02:57:32 info: HTTP Access Log
2024-07-04 02:57:37 info: HTTP Access Log
2024-07-04 02:57:49 info: HTTP Access Log
2024-07-04 03:23:32 info: HTTP Access Log
2024-07-04 03:26:21 info: HTTP Access Log
2024-07-04 03:28:28 info: HTTP Access Log
2024-07-04 03:29:33 info: HTTP Access Log
2024-07-04 03:30:30 info: HTTP Access Log
2024-07-04 03:31:24 info: HTTP Access Log
2024-07-04 03:32:10 info: HTTP Access Log
2024-07-04 03:32:50 info: HTTP Access Log
2024-07-04 03:33:00 info: HTTP Access Log
2024-07-04 03:33:19 info: HTTP Access Log
2024-07-04 03:33:28 info: HTTP Access Log
2024-07-04 03:33:35 info: HTTP Access Log
2024-07-04 03:33:47 info: HTTP Access Log
2024-07-04 03:34:40 info: HTTP Access Log
2024-07-04 03:34:50 info: HTTP Access Log
2024-07-04 03:35:05 info: HTTP Access Log
2024-07-04 03:35:12 info: HTTP Access Log
2024-07-04 03:35:20 info: HTTP Access Log
2024-07-04 03:35:25 info: HTTP Access Log
2024-07-04 03:36:24 info: HTTP Access Log
2024-07-04 03:36:39 info: HTTP Access Log
2024-07-04 03:36:45 info: HTTP Access Log
2024-07-04 03:36:57 info: HTTP Access Log
2024-07-04 03:36:58 info: HTTP Access Log
2024-07-04 03:37:53 info: HTTP Access Log
2024-07-04 03:38:16 info: HTTP Access Log
2024-07-04 03:39:23 info: HTTP Access Log
2024-07-04 03:39:58 info: HTTP Access Log
2024-07-04 03:40:05 info: HTTP Access Log
2024-07-04 03:40:14 info: HTTP Access Log
2024-07-04 03:40:22 info: HTTP Access Log
2024-07-04 03:40:46 info: HTTP Access Log
2024-07-04 03:40:56 info: HTTP Access Log
2024-07-04 03:41:11 info: HTTP Access Log
2024-07-04 03:41:49 info: HTTP Access Log
2024-07-04 03:41:51 info: HTTP Access Log
2024-07-04 03:42:33 info: HTTP Access Log
2024-07-04 03:42:44 info: HTTP Access Log
2024-07-04 03:43:27 info: HTTP Access Log
2024-07-04 03:43:35 info: HTTP Access Log
2024-07-04 03:43:45 info: HTTP Access Log
2024-07-04 03:43:51 info: HTTP Access Log
2024-07-04 03:44:54 info: HTTP Access Log
2024-07-04 03:45:05 info: HTTP Access Log
2024-07-04 03:45:53 info: HTTP Access Log
2024-07-04 03:46:34 info: HTTP Access Log
2024-07-04 03:47:56 info: HTTP Access Log
2024-07-04 03:49:19 info: HTTP Access Log
2024-07-04 03:49:54 info: HTTP Access Log
2024-07-04 03:50:18 info: HTTP Access Log
2024-07-04 03:50:38 info: HTTP Access Log
2024-07-04 03:50:53 info: HTTP Access Log
2024-07-04 03:50:56 info: HTTP Access Log
2024-07-04 03:53:19 info: HTTP Access Log
2024-07-04 03:54:29 info: HTTP Access Log
2024-07-04 05:41:26 info: HTTP Access Log
2024-07-04 05:41:52 info: HTTP Access Log
2024-07-04 05:50:33 info: HTTP Access Log
2024-07-04 09:01:27 info: HTTP Access Log
2024-07-04 09:01:55 info: HTTP Access Log
2024-07-04 09:03:03 info: HTTP Access Log
2024-07-04 09:03:07 info: HTTP Access Log
2024-07-04 09:05:08 info: HTTP Access Log
2024-07-04 09:05:12 info: HTTP Access Log
2024-07-04 09:05:21 info: HTTP Access Log
2024-07-04 09:11:25 info: HTTP Access Log
2024-07-04 09:16:30 info: HTTP Access Log
2024-07-04 09:31:34 info: HTTP Access Log
2024-07-04 09:36:18 info: HTTP Access Log
2024-07-04 10:22:58 info: HTTP Access Log
2024-07-04 10:24:19 info: HTTP Access Log
2024-07-04 10:26:41 info: HTTP Access Log
2024-07-04 10:29:37 info: HTTP Access Log
2024-07-04 10:30:52 info: HTTP Access Log
2024-07-04 10:32:19 info: HTTP Access Log
2024-07-04 10:33:24 info: HTTP Access Log
2024-07-04 10:33:48 info: HTTP Access Log
2024-07-04 10:36:09 info: HTTP Access Log
2024-07-04 10:36:33 info: HTTP Access Log
2024-07-04 10:37:00 info: HTTP Access Log
2024-07-04 10:37:23 info: HTTP Access Log
2024-07-04 10:37:31 info: HTTP Access Log
2024-07-04 10:37:56 info: HTTP Access Log
2024-07-04 10:39:06 info: HTTP Access Log
2024-07-04 10:39:30 info: HTTP Access Log
2024-07-04 10:40:02 info: HTTP Access Log
2024-07-04 10:41:01 info: HTTP Access Log
2024-07-04 10:41:09 info: HTTP Access Log
2024-07-04 10:42:16 info: HTTP Access Log
2024-07-04 10:42:42 info: HTTP Access Log
2024-07-04 10:44:22 info: HTTP Access Log
2024-07-04 10:44:46 info: HTTP Access Log
2024-07-04 10:45:46 info: HTTP Access Log
2024-07-04 10:51:10 info: HTTP Access Log
2024-07-04 10:52:16 info: HTTP Access Log
2024-07-04 10:53:27 info: HTTP Access Log
2024-07-04 10:53:57 info: HTTP Access Log
2024-07-04 11:01:30 info: HTTP Access Log
2024-07-04 11:02:08 info: HTTP Access Log
2024-07-04 11:03:00 info: HTTP Access Log
2024-07-04 11:03:37 info: HTTP Access Log
2024-07-04 11:04:13 info: HTTP Access Log
2024-07-04 11:06:09 info: HTTP Access Log
2024-07-04 11:06:34 info: HTTP Access Log
2024-07-04 11:08:57 info: HTTP Access Log
2024-07-04 11:10:17 info: Task created successfully
2024-07-04 11:10:17 info: HTTP Access Log
2024-07-04 12:07:42 info: HTTP Access Log
2024-07-04 12:08:12 info: HTTP Access Log
2024-07-04 12:32:33 info: HTTP Access Log
2024-07-05 10:34:00 info: Users found
2024-07-05 10:37:01 info: Users found
2024-07-05 12:21:56 info: HTTP Access Log
2024-07-05 12:23:43 info: HTTP Access Log
2024-07-05 12:24:37 info: HTTP Access Log
2024-07-05 12:25:25 info: HTTP Access Log
2024-07-05 12:27:20 info: HTTP Access Log
2024-07-05 12:28:15 info: HTTP Access Log
2024-07-05 12:36:48 info: HTTP Access Log
2024-07-05 12:38:01 info: HTTP Access Log
2024-07-05 12:40:36 info: HTTP Access Log
2024-07-05 12:44:23 info: HTTP Access Log
2024-07-05 12:46:13 info: HTTP Access Log
2024-07-05 12:46:20 info: HTTP Access Log
2024-07-05 12:46:46 info: HTTP Access Log
2024-07-05 12:48:33 info: HTTP Access Log
2024-07-05 12:49:17 info: Task created successfully
2024-07-05 12:49:17 info: HTTP Access Log
2024-07-05 12:54:14 info: HTTP Access Log
2024-07-05 12:55:39 info: HTTP Access Log
2024-07-05 12:55:56 info: HTTP Access Log
2024-07-05 12:58:19 info: Task created successfully
2024-07-05 12:58:19 info: HTTP Access Log
2024-07-05 13:25:00 info: Users found
2024-07-05 13:38:00 info: Users found
2024-07-05 13:58:00 info: Users found
2024-07-05 14:04:45 info: HTTP Access Log
2024-07-05 14:06:46 info: HTTP Access Log
2024-07-05 14:09:30 info: HTTP Access Log
2024-07-05 14:11:00 info: Users found
2024-07-05 14:15:00 info: Users found
2024-07-05 14:19:00 info: Users found
2024-07-05 14:31:58 info: HTTP Access Log
2024-07-05 14:32:00 info: Users found
2024-07-05 14:34:02 info: HTTP Access Log
2024-07-05 14:35:00 info: Users found
2024-07-05 14:35:17 info: HTTP Access Log
2024-07-05 14:37:36 info: HTTP Access Log
2024-07-05 14:39:37 info: HTTP Access Log
2024-07-05 14:40:12 info: HTTP Access Log
2024-07-05 14:40:57 info: HTTP Access Log
2024-07-05 14:41:56 info: HTTP Access Log
2024-07-05 14:42:13 info: HTTP Access Log
2024-07-05 14:45:04 info: HTTP Access Log
2024-07-05 14:45:27 info: HTTP Access Log
2024-07-05 14:47:50 info: Task created successfully
2024-07-05 14:47:50 info: HTTP Access Log
2024-07-05 14:53:00 info: Users found
2024-07-05 14:56:00 info: Users found
2024-07-05 14:57:00 info: Users found
2024-07-05 14:58:00 info: Users found
2024-07-05 14:59:00 info: Users found
2024-07-05 14:59:50 info: HTTP Access Log
2024-07-05 15:00:00 info: Users found
2024-07-05 15:06:00 info: Users found
2024-07-05 15:08:00 info: Users found
2024-07-05 16:24:00 info: Users found
2024-07-05 18:40:15 info: HTTP Access Log
2024-07-05 18:40:15 info: HTTP Access Log
2024-07-05 18:40:15 info: HTTP Access Log
2024-07-05 18:40:17 info: HTTP Access Log
2024-07-05 18:41:36 info: HTTP Access Log
2024-07-05 19:35:40 info: HTTP Access Log
2024-07-05 19:35:40 info: HTTP Access Log
2024-07-05 19:35:40 info: HTTP Access Log
2024-07-05 19:35:52 info: HTTP Access Log
2024-07-05 19:35:52 info: HTTP Access Log
2024-07-05 19:35:52 info: HTTP Access Log
2024-07-05 19:36:07 info: HTTP Access Log
2024-07-05 19:36:07 info: HTTP Access Log
2024-07-05 19:36:07 info: HTTP Access Log
2024-07-05 19:36:11 info: HTTP Access Log
2024-07-05 19:36:11 info: HTTP Access Log
2024-07-05 19:36:11 info: HTTP Access Log
2024-07-05 19:38:11 info: HTTP Access Log
2024-07-05 19:38:11 info: HTTP Access Log
2024-07-05 19:38:11 info: HTTP Access Log
2024-07-05 19:38:23 info: HTTP Access Log
2024-07-05 19:42:00 info: Users found
2024-07-05 19:43:00 info: Users found
2024-07-05 20:08:05 info: HTTP Access Log
2024-07-05 20:09:00 info: Users found
2024-07-05 20:13:23 info: HTTP Access Log
2024-07-05 20:14:00 info: Users found
2024-07-05 20:25:36 info: HTTP Access Log
2024-07-05 20:26:00 info: Users found
2024-07-05 20:28:00 info: Users found
2024-07-05 20:29:00 info: Users found
2024-07-06 09:14:27 info: HTTP Access Log
2024-07-06 09:14:28 info: HTTP Access Log
2024-07-06 09:14:28 info: HTTP Access Log
2024-07-06 09:14:32 info: HTTP Access Log
2024-07-06 20:07:18 info: HTTP Access Log
2024-07-06 20:08:26 info: HTTP Access Log
2024-07-06 20:08:45 info: HTTP Access Log
2024-07-06 20:09:07 info: Task created successfully
2024-07-06 20:09:07 info: HTTP Access Log
2024-07-06 20:09:22 info: HTTP Access Log
2024-07-06 20:10:14 info: Board created successfully
2024-07-06 20:10:14 info: HTTP Access Log
2024-07-06 20:11:23 info: HTTP Access Log
2024-07-06 20:11:38 info: HTTP Access Log
2024-07-06 20:14:38 info: HTTP Access Log
2024-07-06 20:16:51 info: HTTP Access Log
2024-07-06 20:17:08 info: HTTP Access Log
2024-07-06 20:18:28 info: Invitation created successfully
2024-07-06 20:18:28 info: HTTP Access Log
2024-07-06 20:19:42 info: HTTP Access Log
2024-07-06 20:19:50 info: organization created successfully
2024-07-06 20:19:50 info: HTTP Access Log
2024-07-06 20:20:44 info: HTTP Access Log
2024-07-06 20:21:12 info: organization created successfully
2024-07-06 20:21:12 info: HTTP Access Log
2024-07-11 06:36:27 info: HTTP Access Log
2024-07-11 06:36:27 info: HTTP Access Log
2024-07-11 06:36:27 info: HTTP Access Log
2024-07-11 06:36:28 info: HTTP Access Log
2024-07-11 06:41:22 info: Welcome to Tasky!
2024-07-11 06:41:22 info: HTTP Access Log
2024-07-11 06:42:10 info: Welcome to Tasky!
2024-07-11 06:42:10 info: HTTP Access Log
2024-07-11 06:43:04 info: HTTP Access Log
2024-07-11 06:44:25 info: HTTP Access Log
2024-07-11 06:47:30 info: HTTP Access Log
2024-07-11 06:49:10 info: HTTP Access Log
2024-07-11 06:49:10 info: HTTP Access Log
2024-07-11 06:49:10 info: HTTP Access Log
2024-07-11 06:49:54 info: HTTP Access Log
2024-07-18 02:18:15 info: HTTP Access Log
2024-07-18 02:18:27 info: HTTP Access Log
2024-07-18 02:18:27 info: HTTP Access Log
2024-07-18 02:25:21 info: HTTP Access Log
2024-07-18 02:25:21 info: HTTP Access Log
2024-07-18 02:30:43 info: HTTP Access Log
2024-07-18 02:30:49 info: HTTP Access Log
2024-07-18 02:31:01 info: HTTP Access Log
2024-07-18 02:31:48 info: HTTP Access Log
2024-07-18 02:32:12 info: HTTP Access Log
2024-07-18 02:32:14 info: HTTP Access Log
2024-07-19 03:57:30 info: HTTP Access Log
2024-07-19 03:57:30 info: HTTP Access Log
2024-07-19 03:57:30 info: HTTP Access Log
2024-07-19 03:58:00 info: HTTP Access Log
2024-07-19 03:58:35 info: HTTP Access Log
2024-07-19 03:58:47 info: HTTP Access Log
2024-07-19 03:58:56 info: HTTP Access Log
2024-07-19 03:59:20 info: HTTP Access Log
2024-07-19 03:59:33 info: HTTP Access Log
2024-07-19 03:59:43 info: HTTP Access Log
2024-07-19 03:59:50 info: HTTP Access Log
2024-07-19 03:59:50 info: HTTP Access Log
2024-07-19 04:00:00 info: HTTP Access Log
2024-07-19 04:00:07 info: HTTP Access Log
2024-07-19 04:00:07 info: HTTP Access Log
2024-07-19 04:00:07 info: HTTP Access Log
2024-07-21 12:45:30 info: HTTP Access Log
2024-07-21 12:45:32 info: HTTP Access Log
2024-07-21 12:45:32 info: HTTP Access Log
2024-07-25 22:45:54 info: HTTP Access Log
2024-07-25 22:47:22 info: HTTP Access Log
2024-07-25 22:49:01 info: HTTP Access Log
2024-07-25 22:50:15 info: HTTP Access Log
2024-07-25 22:56:29 info: HTTP Access Log
2024-07-25 22:59:29 info: HTTP Access Log
2024-07-25 23:01:12 info: HTTP Access Log
2024-07-25 23:01:43 info: HTTP Access Log
2024-07-25 23:04:36 info: HTTP Access Log
2024-07-25 23:05:05 info: HTTP Access Log
2024-07-25 23:06:28 info: HTTP Access Log
2024-07-25 23:07:05 info: HTTP Access Log
2024-07-25 23:08:37 info: HTTP Access Log
2024-07-25 23:12:56 info: HTTP Access Log
2024-07-25 23:16:04 info: HTTP Access Log
2024-07-25 23:18:20 info: HTTP Access Log
2024-07-25 23:18:22 info: HTTP Access Log
2024-07-25 23:19:01 info: HTTP Access Log
2024-07-25 23:20:15 info: HTTP Access Log
2024-08-01 12:31:24 info: HTTP Access Log
2024-08-01 12:32:15 info: HTTP Access Log
2024-08-01 12:35:54 info: HTTP Access Log
2024-08-01 12:36:13 info: HTTP Access Log
2024-08-01 12:40:52 info: HTTP Access Log
2024-08-01 12:41:13 info: HTTP Access Log
2024-08-01 12:41:40 info: HTTP Access Log
2024-08-01 12:43:21 info: HTTP Access Log
2024-08-01 13:21:05 info: HTTP Access Log
2024-08-01 13:21:19 info: HTTP Access Log
2024-08-01 13:21:48 info: HTTP Access Log
2024-08-01 13:22:52 info: HTTP Access Log
2024-08-01 13:25:05 info: HTTP Access Log
2024-08-01 13:25:18 info: HTTP Access Log
2024-08-01 13:25:56 info: HTTP Access Log
2024-08-01 13:26:26 info: HTTP Access Log
2024-08-01 13:28:57 info: HTTP Access Log
2024-08-01 13:31:49 info: HTTP Access Log
2024-08-01 13:38:05 info: HTTP Access Log
2024-08-01 13:38:32 info: HTTP Access Log
2024-08-01 13:41:04 info: HTTP Access Log
2024-08-01 13:41:43 info: HTTP Access Log
2024-08-01 13:41:57 info: HTTP Access Log
2024-08-01 13:42:07 info: HTTP Access Log
2024-08-01 13:42:57 info: HTTP Access Log
2024-08-01 13:43:42 info: HTTP Access Log
2024-08-01 13:43:52 info: HTTP Access Log
2024-08-01 13:44:19 info: HTTP Access Log
2024-08-01 13:44:40 info: HTTP Access Log
2024-08-01 13:44:50 info: HTTP Access Log
2024-08-01 13:49:42 info: HTTP Access Log
2024-08-01 13:50:03 info: HTTP Access Log
2024-08-01 13:50:42 info: HTTP Access Log
2024-08-01 13:52:42 info: HTTP Access Log
2024-08-01 13:53:07 info: HTTP Access Log
2024-08-01 14:05:21 info: HTTP Access Log
2024-08-01 14:05:59 info: HTTP Access Log
2024-08-01 14:06:28 info: HTTP Access Log
2024-08-01 14:08:36 info: HTTP Access Log
2024-08-01 14:08:58 info: HTTP Access Log
2024-08-01 14:11:12 info: Users found
2024-08-01 14:11:12 info: HTTP Access Log
2024-08-01 14:11:46 info: HTTP Access Log
2024-08-01 14:15:29 info: HTTP Access Log
2024-08-01 14:16:47 info: Users found
2024-08-01 14:16:47 info: HTTP Access Log
2024-08-01 14:18:15 info: HTTP Access Log
2024-08-02 09:18:47 info: HTTP Access Log
2024-08-02 09:18:59 info: HTTP Access Log
2024-08-02 09:19:40 info: HTTP Access Log
2024-08-02 09:28:12 info: HTTP Access Log
2024-08-02 09:30:03 info: HTTP Access Log
2024-08-02 09:31:20 info: HTTP Access Log
2024-08-02 09:35:22 info: HTTP Access Log
2024-08-02 09:38:26 info: HTTP Access Log
2024-08-03 00:57:32 info: HTTP Access Log
2024-08-03 01:03:39 info: HTTP Access Log
2024-08-03 01:04:36 info: HTTP Access Log
2024-08-03 01:07:02 info: HTTP Access Log
2024-08-03 01:08:03 info: HTTP Access Log
2024-08-03 01:12:41 info: HTTP Access Log
2024-08-03 01:12:55 info: HTTP Access Log
2024-08-03 01:16:48 info: HTTP Access Log
2024-08-03 01:17:54 info: Users found
2024-08-03 01:17:54 info: HTTP Access Log
2024-08-03 01:18:52 info: HTTP Access Log
2024-08-03 01:19:12 info: HTTP Access Log
2024-08-03 01:20:01 info: HTTP Access Log
2024-08-03 01:20:13 info: HTTP Access Log
2024-08-03 01:20:22 info: HTTP Access Log
2024-08-03 01:20:31 info: HTTP Access Log
2024-08-03 01:20:43 info: HTTP Access Log
2024-08-03 01:21:55 info: HTTP Access Log
2024-08-03 01:23:13 info: HTTP Access Log
2024-08-03 01:23:22 info: HTTP Access Log
2024-08-03 01:23:23 info: HTTP Access Log
2024-08-03 01:23:24 info: HTTP Access Log
2024-08-03 01:23:25 info: HTTP Access Log
2024-08-03 01:24:35 info: HTTP Access Log
2024-08-03 01:24:48 info: HTTP Access Log
2024-08-03 01:27:01 info: HTTP Access Log
2024-08-03 01:28:28 info: User deleted successfully
2024-08-03 01:28:28 info: HTTP Access Log
2024-08-03 01:29:45 info: User deleted successfully
2024-08-03 01:29:45 info: HTTP Access Log
2024-08-03 01:30:50 info: HTTP Access Log
2024-08-03 01:30:52 info: HTTP Access Log
2024-08-03 01:31:13 info: HTTP Access Log
2024-08-03 01:31:15 info: HTTP Access Log
2024-08-03 01:31:30 info: HTTP Access Log
2024-08-03 01:31:35 info: HTTP Access Log
2024-08-03 01:31:54 info: User deleted successfully
2024-08-03 01:31:54 info: HTTP Access Log
2024-08-03 01:32:31 info: Users found
2024-08-03 01:32:31 info: HTTP Access Log
2024-08-03 01:32:44 info: Users found
2024-08-03 01:32:44 info: HTTP Access Log
2024-08-03 01:33:11 info: HTTP Access Log
2024-08-03 01:33:26 info: User deleted successfully
2024-08-03 01:33:26 info: HTTP Access Log
2024-08-03 01:35:54 info: HTTP Access Log
2024-08-03 01:36:28 info: User updated successfully
2024-08-03 01:36:28 info: HTTP Access Log
2024-08-03 01:37:50 info: User updated successfully
2024-08-03 01:37:50 info: HTTP Access Log
2024-08-03 01:38:02 info: User updated successfully
2024-08-03 01:38:02 info: HTTP Access Log
2024-08-03 01:38:34 info: User updated successfully
2024-08-03 01:38:34 info: HTTP Access Log
2024-08-03 01:38:46 info: User updated successfully
2024-08-03 01:38:46 info: HTTP Access Log
2024-08-03 01:40:19 info: HTTP Access Log
2024-08-03 01:41:02 info: User updated successfully
2024-08-03 01:41:02 info: HTTP Access Log
2024-08-03 01:41:05 info: User updated successfully
2024-08-03 01:41:05 info: HTTP Access Log
2024-08-03 01:48:10 info: User updated successfully
2024-08-03 01:48:10 info: HTTP Access Log
2024-08-03 01:48:52 info: Users found
2024-08-03 01:48:52 info: HTTP Access Log
2024-08-03 01:55:34 info: User updated successfully
2024-08-03 01:55:34 info: HTTP Access Log
2024-08-03 01:57:29 info: User updated successfully
2024-08-03 01:57:29 info: HTTP Access Log
2024-08-03 01:57:34 info: User updated successfully
2024-08-03 01:57:34 info: HTTP Access Log
2024-08-03 01:57:39 info: HTTP Access Log
2024-08-03 01:57:46 info: HTTP Access Log
2024-08-03 01:59:05 info: HTTP Access Log
2024-08-03 01:59:11 info: User updated successfully
2024-08-03 01:59:11 info: HTTP Access Log
2024-08-03 02:02:08 info: HTTP Access Log
2024-08-03 02:02:16 info: User updated successfully
2024-08-03 02:02:16 info: HTTP Access Log
2024-08-03 02:02:23 info: HTTP Access Log
2024-08-03 02:02:31 info: HTTP Access Log
2024-08-03 02:02:43 info: HTTP Access Log
2024-08-03 02:02:56 info: User updated successfully
2024-08-03 02:02:56 info: HTTP Access Log
2024-08-03 02:03:22 info: HTTP Access Log
2024-08-03 02:04:23 info: User updated successfully
2024-08-03 02:04:23 info: HTTP Access Log
2024-08-03 02:04:46 info: User updated successfully
2024-08-03 02:04:46 info: HTTP Access Log
2024-08-03 02:05:32 info: User updated successfully
2024-08-03 02:05:32 info: HTTP Access Log
2024-08-03 02:06:44 info: HTTP Access Log
2024-08-03 02:09:49 info: HTTP Access Log
2024-08-03 02:09:58 info: HTTP Access Log
2024-08-03 02:10:52 info: User deleted successfully
2024-08-03 02:10:52 info: HTTP Access Log
2024-08-03 02:11:06 info: User deleted successfully
2024-08-03 02:11:06 info: HTTP Access Log
2024-08-03 17:26:16 info: HTTP Access Log
2024-08-03 17:27:08 info: HTTP Access Log
2024-08-03 17:30:05 info: User deleted successfully
2024-08-03 17:30:05 info: HTTP Access Log
2024-08-03 17:31:04 info: User deleted successfully
2024-08-03 17:31:04 info: HTTP Access Log
2024-08-03 17:32:40 info: Users found
2024-08-03 17:32:40 info: HTTP Access Log
2024-08-03 17:32:59 info: HTTP Access Log
2024-08-03 17:37:11 info: HTTP Access Log
2024-08-03 17:37:43 info: HTTP Access Log
2024-08-03 17:37:55 info: HTTP Access Log
2024-08-03 17:48:29 info: HTTP Access Log
2024-08-03 17:49:20 info: HTTP Access Log
2024-08-03 17:50:02 info: HTTP Access Log
2024-08-03 17:50:38 info: HTTP Access Log
2024-08-03 17:51:02 info: HTTP Access Log
2024-08-03 17:51:29 info: HTTP Access Log
2024-08-03 17:52:04 info: HTTP Access Log
2024-08-03 17:58:50 info: User found
2024-08-03 17:58:50 info: HTTP Access Log
2024-08-03 18:02:48 info: HTTP Access Log
2024-08-03 18:03:11 info: User found
2024-08-03 18:03:11 info: HTTP Access Log
2024-08-03 18:04:54 info: User found
2024-08-03 18:04:54 info: HTTP Access Log
2024-08-03 18:16:55 info: User found
2024-08-03 18:16:55 info: HTTP Access Log
2024-08-03 18:18:06 info: User found
2024-08-03 18:18:06 info: HTTP Access Log
2024-08-03 18:19:24 info: User found
2024-08-03 18:19:24 info: HTTP Access Log
2024-08-03 18:23:28 info: User updated successfully
2024-08-03 18:23:28 info: HTTP Access Log
2024-08-03 18:24:09 info: User updated successfully
2024-08-03 18:24:09 info: HTTP Access Log
2024-08-03 18:24:47 info: User updated successfully
2024-08-03 18:24:47 info: HTTP Access Log
2024-08-03 18:27:15 info: User deleted successfully
2024-08-03 18:27:15 info: HTTP Access Log
2024-08-03 18:27:21 info: User found
2024-08-03 18:27:21 info: HTTP Access Log
2024-08-03 18:30:01 info: HTTP Access Log
2024-08-03 18:30:22 info: Password reset successfully
2024-08-03 18:30:22 info: HTTP Access Log
2024-08-03 18:31:51 info: Password reset successfully
2024-08-03 18:31:51 info: HTTP Access Log
2024-08-03 18:32:26 info: HTTP Access Log
2024-08-03 18:32:37 info: HTTP Access Log
2024-08-03 18:33:07 info: Password reset successfully
2024-08-03 18:33:07 info: HTTP Access Log
2024-08-03 18:34:09 info: HTTP Access Log
2024-08-03 18:34:17 info: HTTP Access Log
2024-08-03 18:37:12 info: HTTP Access Log
2024-08-03 18:37:51 info: HTTP Access Log
2024-08-03 18:44:31 info: HTTP Access Log
2024-08-03 18:46:54 info: HTTP Access Log
2024-08-03 18:47:05 info: HTTP Access Log
2024-08-03 18:47:52 info: HTTP Access Log
2024-08-03 18:48:03 info: Password updated successfully
2024-08-03 18:48:03 info: HTTP Access Log
2024-08-03 18:48:15 info: HTTP Access Log
2024-08-03 18:48:21 info: HTTP Access Log
2024-08-03 18:48:53 info: HTTP Access Log
2024-08-03 18:50:08 info: HTTP Access Log
2024-08-04 16:29:13 info: HTTP Access Log
2024-08-04 16:29:32 info: HTTP Access Log
2024-08-04 16:31:52 info: HTTP Access Log
2024-08-05 00:23:01 info: HTTP Access Log
2024-08-05 00:39:57 info: HTTP Access Log
2024-08-05 00:40:30 info: User found
2024-08-05 00:40:30 info: HTTP Access Log
2024-08-05 00:41:16 info: Users found
2024-08-05 00:41:16 info: HTTP Access Log
2024-08-05 00:43:21 info: HTTP Access Log
2024-08-05 00:43:32 info: HTTP Access Log
2024-08-05 00:43:50 info: HTTP Access Log
2024-08-05 00:44:03 info: User deleted successfully
2024-08-05 00:44:03 info: HTTP Access Log
2024-08-05 00:44:40 info: User deleted successfully
2024-08-05 00:44:40 info: HTTP Access Log
2024-08-05 00:53:02 info: HTTP Access Log
2024-08-05 00:53:34 info: organization created successfully
2024-08-05 00:53:34 info: HTTP Access Log
2024-08-05 00:57:25 info: All Organization feched successfully!
2024-08-05 00:57:25 info: HTTP Access Log
2024-08-05 00:59:48 info: Organization feched successfully!
2024-08-05 00:59:48 info: HTTP Access Log
2024-08-05 01:02:04 info: organization created successfully
2024-08-05 01:02:04 info: HTTP Access Log
2024-08-05 01:02:15 info: organization created successfully
2024-08-05 01:02:15 info: HTTP Access Log
2024-08-05 01:02:25 info: organization created successfully
2024-08-05 01:02:25 info: HTTP Access Log
2024-08-05 01:02:29 info: HTTP Access Log
2024-08-05 01:02:51 info: HTTP Access Log
2024-08-05 01:03:06 info: organization created successfully
2024-08-05 01:03:06 info: HTTP Access Log
2024-08-05 01:03:53 info: Organization deleted successfully!
2024-08-05 01:03:53 info: HTTP Access Log
2024-08-05 01:07:26 info: Board created successfully
2024-08-05 01:07:26 info: HTTP Access Log
2024-08-05 01:08:15 info: Board created successfully
2024-08-05 01:08:15 info: HTTP Access Log
2024-08-05 01:08:33 info: Board created successfully
2024-08-05 01:08:33 info: HTTP Access Log
2024-08-05 01:08:41 info: Board created successfully
2024-08-05 01:08:41 info: HTTP Access Log
2024-08-05 01:10:05 info: All Boards fetched successfully
2024-08-05 01:10:05 info: HTTP Access Log
2024-08-05 01:15:35 info: Board created successfully
2024-08-05 01:15:35 info: HTTP Access Log
2024-08-05 01:20:25 info: Board updated successfully
2024-08-05 01:20:25 info: HTTP Access Log
2024-08-05 01:23:47 info: Board deleted successfully
2024-08-05 01:23:47 info: HTTP Access Log
2024-08-05 01:27:16 info: Task created successfully
2024-08-05 01:27:16 info: HTTP Access Log
2024-08-05 01:27:57 info: Task created successfully
2024-08-05 01:27:57 info: HTTP Access Log
2024-08-05 01:29:35 info: All Tasks fetched successfully
2024-08-05 01:29:35 info: HTTP Access Log
2024-08-05 01:31:24 error: Task not found
2024-08-05 01:31:24 info: HTTP Access Log
2024-08-05 01:31:55 info: Task found
2024-08-05 01:31:55 info: HTTP Access Log
2024-08-05 01:33:36 error: Task not found
2024-08-05 01:33:37 info: HTTP Access Log
2024-08-05 01:34:10 info: Task updated successfully
2024-08-05 01:34:10 info: HTTP Access Log
2024-08-05 01:35:52 info: Task deleted successfully
2024-08-05 01:35:52 info: HTTP Access Log
2024-08-05 01:36:51 info: Task created successfully
2024-08-05 01:36:51 info: HTTP Access Log
2024-08-05 01:37:21 info: Task updated successfully
2024-08-05 01:37:21 info: HTTP Access Log
2024-08-05 01:40:22 info: HTTP Access Log
2024-08-05 01:41:02 info: Invitation created successfully
2024-08-05 01:41:02 info: HTTP Access Log
2024-08-05 01:46:37 info: HTTP Access Log
2024-08-05 01:46:46 info: Invitation created successfully
2024-08-05 01:46:46 info: HTTP Access Log
2024-08-05 01:51:22 info: Invitation fetched successfully
2024-08-05 01:51:22 info: HTTP Access Log
2024-08-05 01:57:21 info: Invitation status updated successfully
2024-08-05 01:57:21 info: HTTP Access Log
2024-08-05 01:58:03 info: Invitation status updated successfully
2024-08-05 01:58:03 info: HTTP Access Log
2024-08-05 02:06:01 info: HTTP Access Log
2024-08-05 02:12:04 info: HTTP Access Log
2024-08-05 02:12:13 info: HTTP Access Log
2024-08-05 02:12:24 info: HTTP Access Log
2024-08-05 02:13:33 info: HTTP Access Log
2024-08-05 02:22:36 info: HTTP Access Log
2024-08-05 02:24:29 info: HTTP Access Log
2024-08-05 02:25:14 info: HTTP Access Log
2024-08-05 02:25:29 info: HTTP Access Log
2024-08-05 02:25:36 info: HTTP Access Log
2024-08-05 02:25:55 info: HTTP Access Log
2024-08-05 02:26:03 info: HTTP Access Log
2024-08-05 02:27:08 info: HTTP Access Log
2024-08-05 02:28:03 info: HTTP Access Log
2024-08-05 02:28:09 info: HTTP Access Log
2024-08-05 02:29:28 info: Invitation status updated successfully
2024-08-05 02:29:28 info: HTTP Access Log
2024-08-05 02:39:50 info: HTTP Access Log
2024-08-05 02:47:00 info: Users found
2024-08-05 03:28:00 info: Users found
2024-08-05 03:29:00 info: Users found
2024-08-05 03:43:00 info: Users found
2024-08-05 03:44:00 info: Users found
2024-08-05 03:45:00 info: Users found
2024-08-05 03:46:00 info: Users found
2024-08-05 03:47:00 info: Users found
2024-08-05 03:50:00 info: Users found
2024-08-05 03:51:00 info: Users found
2024-08-05 03:52:00 info: Users found
2024-08-05 03:53:21 info: HTTP Access Log
2024-08-05 03:53:53 info: HTTP Access Log
2024-08-05 03:54:00 info: Users found
2024-08-05 03:54:20 info: HTTP Access Log
2024-08-05 03:54:32 info: HTTP Access Log
2024-08-05 03:55:00 info: Users found
2024-08-05 03:56:01 info: Users found
2024-08-05 03:56:01 info: Task created successfully
2024-08-05 03:56:01 info: HTTP Access Log
2024-08-05 04:42:00 info: Users found
2024-08-05 04:43:00 info: Users found
2024-08-05 04:44:00 info: Users found
2024-08-05 04:47:00 info: Users found
2024-08-05 04:48:00 info: Users found
2024-08-05 04:49:01 info: Users found
2024-08-05 04:50:00 info: Users found
2024-08-05 04:51:01 info: Users found
2024-08-05 04:52:00 info: Users found
2024-08-05 04:53:01 info: Users found
2024-08-05 04:54:00 info: Users found
2024-08-05 04:55:01 info: Users found
2024-08-05 04:56:00 info: Users found
2024-08-05 04:57:00 info: Users found
2024-08-05 04:58:00 info: Users found
2024-08-05 04:59:00 info: Users found
2024-08-05 05:00:00 info: Users found
2024-08-05 05:01:00 info: Users found
2024-08-05 05:02:01 info: Users found
